255237
492128
-945924
492128
-195443
-459571
213264
211733
-459571
255237
255237
-945924
255237
-195443
-459571
213264
211733
-459571
492128
255237
-945924
691341
-195443
-459571
213264
211733
-459571
-945924
-945924
-945924
-945924
-945924
-945924
-945924
-945924
-945924
492128
255237
691341
-945924
-195443
-459571
213264
211733
-459571
-195443
-195443
-195443
-945924
-195443
-459571
-195443
-195443
-459571
-459571
-459571
-459571
-945924
-459571
-459571
-459571
-459571
698567
213264
213264
213264
-945924
213264
-195443
-459571
211733
-459571
211733
211733
211733
-945924
211733
-195443
-459571
211733
